  [1m[35m (6.5ms)[0m  [1m[34mSELECT sqlite_version(*)[0m
  [1m[35m (105.7ms)[0m  [1m[35mCREATE TABLE "schema_migrations" ("version" varchar NOT NULL PRIMARY KEY)[0m
  [1m[35m (85.9ms)[0m  [1m[35mCREATE TABLE "ar_internal_metadata" ("key" varchar NOT NULL PRIMARY KEY, "value" varchar, "created_at" datetime(6) NOT NULL, "updated_at" datetime(6) NOT NULL)[0m
  [1m[35m (0.3ms)[0m  [1m[34mSELECT "schema_migrations"."version" FROM "schema_migrations" ORDER BY "schema_migrations"."version" ASC[0m
Migrating to CreateDogsitters (20191024143446)
  [1m[35m (0.1ms)[0m  [1m[36mbegin transaction[0m
  [1m[35m (0.8ms)[0m  [1m[35mCREATE TABLE "dogsitters" ("id" integer PRIMARY KEY AUTOINCREMENT NOT NULL, "first_name" varchar, "last_name" varchar, "phone_number" varchar, "created_at" datetime(6) NOT NULL, "updated_at" datetime(6) NOT NULL)[0m
  [1m[36mprimary::SchemaMigration Create (0.5ms)[0m  [1m[32mINSERT INTO "schema_migrations" ("version") VALUES (?)[0m  [["version", "20191024143446"]]
  [1m[35m (106.9ms)[0m  [1m[36mcommit transaction[0m
Migrating to CreateDogs (20191024143456)
  [1m[35m (0.1ms)[0m  [1m[36mbegin transaction[0m
  [1m[35m (0.5ms)[0m  [1m[35mCREATE TABLE "dogs" ("id" integer PRIMARY KEY AUTOINCREMENT NOT NULL, "name" varchar, "owner_s_dog_name" varchar, "owner_s_phone_number" varchar, "created_at" datetime(6) NOT NULL, "updated_at" datetime(6) NOT NULL)[0m
  [1m[36mprimary::SchemaMigration Create (0.3ms)[0m  [1m[32mINSERT INTO "schema_migrations" ("version") VALUES (?)[0m  [["version", "20191024143456"]]
  [1m[35m (111.3ms)[0m  [1m[36mcommit transaction[0m
Migrating to CreateStrolls (20191024143546)
  [1m[35m (0.1ms)[0m  [1m[36mbegin transaction[0m
  [1m[35m (1.5ms)[0m  [1m[35mCREATE TABLE "strolls" ("id" integer PRIMARY KEY AUTOINCREMENT NOT NULL, "date" datetime, "created_at" datetime(6) NOT NULL, "updated_at" datetime(6) NOT NULL)[0m
  [1m[36mprimary::SchemaMigration Create (0.4ms)[0m  [1m[32mINSERT INTO "schema_migrations" ("version") VALUES (?)[0m  [["version", "20191024143546"]]
  [1m[35m (90.2ms)[0m  [1m[36mcommit transaction[0m
Migrating to AddIndexToScroll (20191024144250)
  [1m[35m (0.2ms)[0m  [1m[36mbegin transaction[0m
  [1m[35m (0.7ms)[0m  [1m[35mALTER TABLE "strolls" ADD "dogsitter_id" integer[0m
  [1m[35m (0.2ms)[0m  [1m[35mCREATE  INDEX "index_strolls_on_dogsitter_id" ON "strolls" ("dogsitter_id")[0m
  [1m[35m (0.1ms)[0m  [1m[35mPRAGMA foreign_keys[0m
  [1m[35m (0.1ms)[0m  [1m[35mPRAGMA defer_foreign_keys[0m
  [1m[35m (0.1ms)[0m  [1m[35mPRAGMA defer_foreign_keys = ON[0m
  [1m[35m (0.1ms)[0m  [1m[35mPRAGMA foreign_keys = OFF[0m
  [1m[35m (0.3ms)[0m  [1m[35mCREATE TEMPORARY TABLE "astrolls" ("id" integer NOT NULL PRIMARY KEY, "date" datetime DEFAULT NULL, "created_at" datetime(6) NOT NULL, "updated_at" datetime(6) NOT NULL, "dogsitter_id" integer DEFAULT NULL)[0m
  [1m[35m (0.2ms)[0m  [1m[35mCREATE  INDEX "tindex_astrolls_on_dogsitter_id" ON "astrolls" ("dogsitter_id")[0m
  [1m[35m (0.1ms)[0m  [1m[32mINSERT INTO "astrolls" ("id","date","created_at","updated_at","dogsitter_id")
                     SELECT "id","date","created_at","updated_at","dogsitter_id" FROM "strolls"[0m
  [1m[35m (0.3ms)[0m  [1m[35mDROP TABLE "strolls"[0m
  [1m[35m (0.2ms)[0m  [1m[35mCREATE TABLE "strolls" ("id" integer NOT NULL PRIMARY KEY, "date" datetime DEFAULT NULL, "created_at" datetime(6) NOT NULL, "updated_at" datetime(6) NOT NULL, "dogsitter_id" integer DEFAULT NULL, CONSTRAINT "fk_rails_191ec17721"
FOREIGN KEY ("dogsitter_id")
  REFERENCES "dogsitters" ("id")
)[0m
  [1m[35m (0.2ms)[0m  [1m[35mCREATE  INDEX "index_strolls_on_dogsitter_id" ON "strolls" ("dogsitter_id")[0m
  [1m[35m (0.1ms)[0m  [1m[32mINSERT INTO "strolls" ("id","date","created_at","updated_at","dogsitter_id")
                     SELECT "id","date","created_at","updated_at","dogsitter_id" FROM "astrolls"[0m
  [1m[35m (0.2ms)[0m  [1m[35mDROP TABLE "astrolls"[0m
  [1m[35m (0.1ms)[0m  [1m[35mPRAGMA defer_foreign_keys = 0[0m
  [1m[35m (0.2ms)[0m  [1m[35mPRAGMA foreign_keys = 1[0m
  [1m[35m (0.3ms)[0m  [1m[35mALTER TABLE "strolls" ADD "dog_id" integer[0m
  [1m[35m (0.2ms)[0m  [1m[35mCREATE  INDEX "index_strolls_on_dog_id" ON "strolls" ("dog_id")[0m
  [1m[35m (0.1ms)[0m  [1m[35mPRAGMA foreign_keys[0m
  [1m[35m (0.1ms)[0m  [1m[35mPRAGMA defer_foreign_keys[0m
  [1m[35m (0.1ms)[0m  [1m[35mPRAGMA defer_foreign_keys = ON[0m
  [1m[35m (0.1ms)[0m  [1m[35mPRAGMA foreign_keys = OFF[0m
  [1m[35m (0.2ms)[0m  [1m[35mCREATE TEMPORARY TABLE "astrolls" ("id" integer NOT NULL PRIMARY KEY, "date" datetime DEFAULT NULL, "created_at" datetime(6) NOT NULL, "updated_at" datetime(6) NOT NULL, "dogsitter_id" integer DEFAULT NULL, "dog_id" integer DEFAULT NULL)[0m
  [1m[35m (0.2ms)[0m  [1m[35mCREATE  INDEX "tindex_astrolls_on_dog_id" ON "astrolls" ("dog_id")[0m
  [1m[35m (0.2ms)[0m  [1m[35mCREATE  INDEX "tindex_astrolls_on_dogsitter_id" ON "astrolls" ("dogsitter_id")[0m
  [1m[35m (0.1ms)[0m  [1m[32mINSERT INTO "astrolls" ("id","date","created_at","updated_at","dogsitter_id","dog_id")
                     SELECT "id","date","created_at","updated_at","dogsitter_id","dog_id" FROM "strolls"[0m
  [1m[35m (0.2ms)[0m  [1m[35mDROP TABLE "strolls"[0m
  [1m[35m (0.2ms)[0m  [1m[35mCREATE TABLE "strolls" ("id" integer NOT NULL PRIMARY KEY, "date" datetime DEFAULT NULL, "created_at" datetime(6) NOT NULL, "updated_at" datetime(6) NOT NULL, "dogsitter_id" integer DEFAULT NULL, "dog_id" integer DEFAULT NULL, CONSTRAINT "fk_rails_191ec17721"
FOREIGN KEY ("dogsitter_id")
  REFERENCES "dogsitters" ("id")
, CONSTRAINT "fk_rails_f5b9745d22"
FOREIGN KEY ("dog_id")
  REFERENCES "dogs" ("id")
)[0m
  [1m[35m (0.2ms)[0m  [1m[35mCREATE  INDEX "index_strolls_on_dogsitter_id" ON "strolls" ("dogsitter_id")[0m
  [1m[35m (0.2ms)[0m  [1m[35mCREATE  INDEX "index_strolls_on_dog_id" ON "strolls" ("dog_id")[0m
  [1m[35m (0.1ms)[0m  [1m[32mINSERT INTO "strolls" ("id","date","created_at","updated_at","dogsitter_id","dog_id")
                     SELECT "id","date","created_at","updated_at","dogsitter_id","dog_id" FROM "astrolls"[0m
  [1m[35m (0.3ms)[0m  [1m[35mDROP TABLE "astrolls"[0m
  [1m[35m (0.1ms)[0m  [1m[35mPRAGMA defer_foreign_keys = 0[0m
  [1m[35m (0.1ms)[0m  [1m[35mPRAGMA foreign_keys = 1[0m
  [1m[36mprimary::SchemaMigration Create (0.2ms)[0m  [1m[32mINSERT INTO "schema_migrations" ("version") VALUES (?)[0m  [["version", "20191024144250"]]
  [1m[35m (186.0ms)[0m  [1m[36mcommit transaction[0m
  [1m[36mActiveRecord::InternalMetadata Load (0.4ms)[0m  [1m[34mSELECT "ar_internal_metadata".* FROM "ar_internal_metadata" WHERE "ar_internal_metadata"."key" = ? LIMIT ?[0m  [["key", "environment"], ["LIMIT", 1]]
  [1m[35m (0.1ms)[0m  [1m[36mbegin transaction[0m
  [1m[36mActiveRecord::InternalMetadata Create (0.4ms)[0m  [1m[32mINSERT INTO "ar_internal_metadata" ("key", "value", "created_at", "updated_at") VALUES (?, ?, ?, ?)[0m  [["key", "environment"], ["value", "development"], ["created_at", "2019-10-24 14:54:36.484384"], ["updated_at", "2019-10-24 14:54:36.484384"]]
  [1m[35m (80.4ms)[0m  [1m[36mcommit transaction[0m
  [1m[35m (0.1ms)[0m  [1m[34mSELECT sqlite_version(*)[0m
  [1m[35m (0.2ms)[0m  [1m[34mSELECT "schema_migrations"."version" FROM "schema_migrations" ORDER BY "schema_migrations"."version" ASC[0m
  [1m[35m (0.5ms)[0m  [1m[34mSELECT sqlite_version(*)[0m
  [1m[35m (0.2ms)[0m  [1m[34mSELECT "schema_migrations"."version" FROM "schema_migrations" ORDER BY "schema_migrations"."version" ASC[0m
Migrating to CreateCities (20191024145549)
  [1m[35m (0.5ms)[0m  [1m[34mSELECT sqlite_version(*)[0m
  [1m[35m (0.2ms)[0m  [1m[34mSELECT "schema_migrations"."version" FROM "schema_migrations" ORDER BY "schema_migrations"."version" ASC[0m
Migrating to CreateCities (20191024145549)
  [1m[35m (0.1ms)[0m  [1m[36mbegin transaction[0m
  [1m[35m (0.7ms)[0m  [1m[35mCREATE TABLE "cities" ("id" integer PRIMARY KEY AUTOINCREMENT NOT NULL, "city_name" varchar, "created_at" datetime(6) NOT NULL, "updated_at" datetime(6) NOT NULL)[0m
  [1m[36mprimary::SchemaMigration Create (0.4ms)[0m  [1m[32mINSERT INTO "schema_migrations" ("version") VALUES (?)[0m  [["version", "20191024145549"]]
  [1m[35m (127.0ms)[0m  [1m[36mcommit transaction[0m
Migrating to AddIndexToCity (20191024150024)
  [1m[35m (0.2ms)[0m  [1m[36mbegin transaction[0m
  [1m[35m (0.5ms)[0m  [1m[35mALTER TABLE "dogs" ADD "city_id" integer[0m
  [1m[35m (0.2ms)[0m  [1m[35mCREATE  INDEX "index_dogs_on_city_id" ON "dogs" ("city_id")[0m
  [1m[35m (0.1ms)[0m  [1m[35mPRAGMA foreign_keys[0m
  [1m[35m (0.1ms)[0m  [1m[35mPRAGMA defer_foreign_keys[0m
  [1m[35m (0.2ms)[0m  [1m[35mPRAGMA defer_foreign_keys = ON[0m
  [1m[35m (0.1ms)[0m  [1m[35mPRAGMA foreign_keys = OFF[0m
  [1m[35m (0.2ms)[0m  [1m[35mCREATE TEMPORARY TABLE "adogs" ("id" integer NOT NULL PRIMARY KEY, "name" varchar DEFAULT NULL, "owner_s_dog_name" varchar DEFAULT NULL, "owner_s_phone_number" varchar DEFAULT NULL, "created_at" datetime(6) NOT NULL, "updated_at" datetime(6) NOT NULL, "city_id" integer DEFAULT NULL)[0m
  [1m[35m (0.2ms)[0m  [1m[35mCREATE  INDEX "tindex_adogs_on_city_id" ON "adogs" ("city_id")[0m
  [1m[35m (0.1ms)[0m  [1m[32mINSERT INTO "adogs" ("id","name","owner_s_dog_name","owner_s_phone_number","created_at","updated_at","city_id")
                     SELECT "id","name","owner_s_dog_name","owner_s_phone_number","created_at","updated_at","city_id" FROM "dogs"[0m
  [1m[35m (0.3ms)[0m  [1m[35mDROP TABLE "dogs"[0m
  [1m[35m (0.2ms)[0m  [1m[35mCREATE TABLE "dogs" ("id" integer NOT NULL PRIMARY KEY, "name" varchar DEFAULT NULL, "owner_s_dog_name" varchar DEFAULT NULL, "owner_s_phone_number" varchar DEFAULT NULL, "created_at" datetime(6) NOT NULL, "updated_at" datetime(6) NOT NULL, "city_id" integer DEFAULT NULL, CONSTRAINT "fk_rails_84c3bc7ee8"
FOREIGN KEY ("city_id")
  REFERENCES "cities" ("id")
)[0m
  [1m[35m (0.2ms)[0m  [1m[35mCREATE  INDEX "index_dogs_on_city_id" ON "dogs" ("city_id")[0m
  [1m[35m (0.1ms)[0m  [1m[32mINSERT INTO "dogs" ("id","name","owner_s_dog_name","owner_s_phone_number","created_at","updated_at","city_id")
                     SELECT "id","name","owner_s_dog_name","owner_s_phone_number","created_at","updated_at","city_id" FROM "adogs"[0m
  [1m[35m (0.2ms)[0m  [1m[35mDROP TABLE "adogs"[0m
  [1m[35m (0.1ms)[0m  [1m[35mPRAGMA defer_foreign_keys = 0[0m
  [1m[35m (0.1ms)[0m  [1m[35mPRAGMA foreign_keys = 1[0m
  [1m[35m (0.3ms)[0m  [1m[35mALTER TABLE "dogsitters" ADD "city_id" integer[0m
  [1m[35m (0.2ms)[0m  [1m[35mCREATE  INDEX "index_dogsitters_on_city_id" ON "dogsitters" ("city_id")[0m
  [1m[35m (0.1ms)[0m  [1m[35mPRAGMA foreign_keys[0m
  [1m[35m (0.1ms)[0m  [1m[35mPRAGMA defer_foreign_keys[0m
  [1m[35m (0.2ms)[0m  [1m[35mPRAGMA defer_foreign_keys = ON[0m
  [1m[35m (0.2ms)[0m  [1m[35mPRAGMA foreign_keys = OFF[0m
  [1m[35m (0.2ms)[0m  [1m[35mCREATE TEMPORARY TABLE "adogsitters" ("id" integer NOT NULL PRIMARY KEY, "first_name" varchar DEFAULT NULL, "last_name" varchar DEFAULT NULL, "phone_number" varchar DEFAULT NULL, "created_at" datetime(6) NOT NULL, "updated_at" datetime(6) NOT NULL, "city_id" integer DEFAULT NULL)[0m
  [1m[35m (0.2ms)[0m  [1m[35mCREATE  INDEX "tindex_adogsitters_on_city_id" ON "adogsitters" ("city_id")[0m
  [1m[35m (0.1ms)[0m  [1m[32mINSERT INTO "adogsitters" ("id","first_name","last_name","phone_number","created_at","updated_at","city_id")
                     SELECT "id","first_name","last_name","phone_number","created_at","updated_at","city_id" FROM "dogsitters"[0m
  [1m[35m (0.4ms)[0m  [1m[35mDROP TABLE "dogsitters"[0m
  [1m[35m (0.3ms)[0m  [1m[35mCREATE TABLE "dogsitters" ("id" integer NOT NULL PRIMARY KEY, "first_name" varchar DEFAULT NULL, "last_name" varchar DEFAULT NULL, "phone_number" varchar DEFAULT NULL, "created_at" datetime(6) NOT NULL, "updated_at" datetime(6) NOT NULL, "city_id" integer DEFAULT NULL, CONSTRAINT "fk_rails_b74901ccb9"
FOREIGN KEY ("city_id")
  REFERENCES "cities" ("id")
)[0m
  [1m[35m (0.2ms)[0m  [1m[35mCREATE  INDEX "index_dogsitters_on_city_id" ON "dogsitters" ("city_id")[0m
  [1m[35m (0.1ms)[0m  [1m[32mINSERT INTO "dogsitters" ("id","first_name","last_name","phone_number","created_at","updated_at","city_id")
                     SELECT "id","first_name","last_name","phone_number","created_at","updated_at","city_id" FROM "adogsitters"[0m
  [1m[35m (0.3ms)[0m  [1m[35mDROP TABLE "adogsitters"[0m
  [1m[35m (0.1ms)[0m  [1m[35mPRAGMA defer_foreign_keys = 0[0m
  [1m[35m (0.2ms)[0m  [1m[35mPRAGMA foreign_keys = 1[0m
  [1m[35m (0.3ms)[0m  [1m[35mALTER TABLE "strolls" ADD "city_id" integer[0m
  [1m[35m (0.2ms)[0m  [1m[35mCREATE  INDEX "index_strolls_on_city_id" ON "strolls" ("city_id")[0m
  [1m[35m (0.1ms)[0m  [1m[35mPRAGMA foreign_keys[0m
  [1m[35m (0.1ms)[0m  [1m[35mPRAGMA defer_foreign_keys[0m
  [1m[35m (0.1ms)[0m  [1m[35mPRAGMA defer_foreign_keys = ON[0m
  [1m[35m (0.1ms)[0m  [1m[35mPRAGMA foreign_keys = OFF[0m
  [1m[35m (0.2ms)[0m  [1m[35mCREATE TEMPORARY TABLE "astrolls" ("id" integer NOT NULL PRIMARY KEY, "date" datetime DEFAULT NULL, "created_at" datetime(6) NOT NULL, "updated_at" datetime(6) NOT NULL, "dogsitter_id" integer DEFAULT NULL, "dog_id" integer DEFAULT NULL, "city_id" integer DEFAULT NULL)[0m
  [1m[35m (0.2ms)[0m  [1m[35mCREATE  INDEX "tindex_astrolls_on_city_id" ON "astrolls" ("city_id")[0m
  [1m[35m (0.2ms)[0m  [1m[35mCREATE  INDEX "tindex_astrolls_on_dog_id" ON "astrolls" ("dog_id")[0m
  [1m[35m (0.2ms)[0m  [1m[35mCREATE  INDEX "tindex_astrolls_on_dogsitter_id" ON "astrolls" ("dogsitter_id")[0m
  [1m[35m (0.1ms)[0m  [1m[32mINSERT INTO "astrolls" ("id","date","created_at","updated_at","dogsitter_id","dog_id","city_id")
                     SELECT "id","date","created_at","updated_at","dogsitter_id","dog_id","city_id" FROM "strolls"[0m
  [1m[35m (0.4ms)[0m  [1m[35mDROP TABLE "strolls"[0m
  [1m[35m (0.4ms)[0m  [1m[35mCREATE TABLE "strolls" ("id" integer NOT NULL PRIMARY KEY, "date" datetime DEFAULT NULL, "created_at" datetime(6) NOT NULL, "updated_at" datetime(6) NOT NULL, "dogsitter_id" integer DEFAULT NULL, "dog_id" integer DEFAULT NULL, "city_id" integer DEFAULT NULL, CONSTRAINT "fk_rails_f5b9745d22"
FOREIGN KEY ("dog_id")
  REFERENCES "dogs" ("id")
, CONSTRAINT "fk_rails_191ec17721"
FOREIGN KEY ("dogsitter_id")
  REFERENCES "dogsitters" ("id")
, CONSTRAINT "fk_rails_11d0df5527"
FOREIGN KEY ("city_id")
  REFERENCES "cities" ("id")
)[0m
  [1m[35m (0.3ms)[0m  [1m[35mCREATE  INDEX "index_strolls_on_dogsitter_id" ON "strolls" ("dogsitter_id")[0m
  [1m[35m (0.2ms)[0m  [1m[35mCREATE  INDEX "index_strolls_on_dog_id" ON "strolls" ("dog_id")[0m
  [1m[35m (0.2ms)[0m  [1m[35mCREATE  INDEX "index_strolls_on_city_id" ON "strolls" ("city_id")[0m
  [1m[35m (0.1ms)[0m  [1m[32mINSERT INTO "strolls" ("id","date","created_at","updated_at","dogsitter_id","dog_id","city_id")
                     SELECT "id","date","created_at","updated_at","dogsitter_id","dog_id","city_id" FROM "astrolls"[0m
  [1m[35m (0.2ms)[0m  [1m[35mDROP TABLE "astrolls"[0m
  [1m[35m (0.1ms)[0m  [1m[35mPRAGMA defer_foreign_keys = 0[0m
  [1m[35m (0.1ms)[0m  [1m[35mPRAGMA foreign_keys = 1[0m
  [1m[36mprimary::SchemaMigration Create (0.2ms)[0m  [1m[32mINSERT INTO "schema_migrations" ("version") VALUES (?)[0m  [["version", "20191024150024"]]
  [1m[35m (156.9ms)[0m  [1m[36mcommit transaction[0m
  [1m[36mActiveRecord::InternalMetadata Load (0.5ms)[0m  [1m[34mSELECT "ar_internal_metadata".* FROM "ar_internal_metadata" WHERE "ar_internal_metadata"."key" = ? LIMIT ?[0m  [["key", "environment"], ["LIMIT", 1]]
  [1m[35m (0.1ms)[0m  [1m[34mSELECT sqlite_version(*)[0m
  [1m[35m (0.2ms)[0m  [1m[34mSELECT "schema_migrations"."version" FROM "schema_migrations" ORDER BY "schema_migrations"."version" ASC[0m
  [1m[35m (0.4ms)[0m  [1m[34mSELECT sqlite_version(*)[0m
  [1m[35m (0.2ms)[0m  [1m[34mSELECT "schema_migrations"."version" FROM "schema_migrations" ORDER BY "schema_migrations"."version" ASC[0m
  [1m[35m (1.1ms)[0m  [1m[34mSELECT sqlite_version(*)[0m
  [1m[35m (0.5ms)[0m  [1m[34mSELECT "schema_migrations"."version" FROM "schema_migrations" ORDER BY "schema_migrations"."version" ASC[0m
  [1m[36mActiveRecord::InternalMetadata Load (0.4ms)[0m  [1m[34mSELECT "ar_internal_metadata".* FROM "ar_internal_metadata" WHERE "ar_internal_metadata"."key" = ? LIMIT ?[0m  [["key", "environment"], ["LIMIT", 1]]
  [1m[35m (0.2ms)[0m  [1m[34mSELECT sqlite_version(*)[0m
  [1m[35m (0.5ms)[0m  [1m[34mSELECT "schema_migrations"."version" FROM "schema_migrations" ORDER BY "schema_migrations"."version" ASC[0m
  [1m[35m (0.4ms)[0m  [1m[34mSELECT sqlite_version(*)[0m
  [1m[35m (0.2ms)[0m  [1m[34mSELECT "schema_migrations"."version" FROM "schema_migrations" ORDER BY "schema_migrations"."version" ASC[0m
  [1m[35m (0.1ms)[0m  [1m[34mSELECT sqlite_version(*)[0m
  [1m[35m (0.1ms)[0m  [1m[36mbegin transaction[0m
  [1m[36mCity Create (0.6ms)[0m  [1m[32mINSERT INTO "cities" ("city_name", "created_at", "updated_at") VALUES (?, ?, ?)[0m  [["city_name", "City0"], ["created_at", "2019-10-24 15:23:56.184360"], ["updated_at", "2019-10-24 15:23:56.184360"]]
  [1m[35m (92.5ms)[0m  [1m[36mcommit transaction[0m
  [1m[35m (0.1ms)[0m  [1m[36mbegin transaction[0m
  [1m[36mDog Create (0.4ms)[0m  [1m[32mINSERT INTO "dogs" ("name", "owner_s_dog_name", "owner_s_phone_number", "created_at", "updated_at", "city_id") VALUES (?, ?, ?, ?, ?, ?)[0m  [["name", "Dog X"], ["owner_s_dog_name", "Owner 0"], ["owner_s_phone_number", "Number: 9074463848"], ["created_at", "2019-10-24 15:23:56.356269"], ["updated_at", "2019-10-24 15:23:56.356269"], ["city_id", 1]]
  [1m[35m (88.7ms)[0m  [1m[36mcommit transaction[0m
  [1m[35m (0.1ms)[0m  [1m[36mbegin transaction[0m
  [1m[36mDogsitter Create (1.9ms)[0m  [1m[32mINSERT INTO "dogsitters" ("first_name", "last_name", "phone_number", "created_at", "updated_at", "city_id") VALUES (?, ?, ?, ?, ?, ?)[0m  [["first_name", "Nom R"], ["last_name", "Prenom 0"], ["phone_number", "Number: 4041677407"], ["created_at", "2019-10-24 15:23:56.477769"], ["updated_at", "2019-10-24 15:23:56.477769"], ["city_id", 1]]
  [1m[35m (80.1ms)[0m  [1m[36mcommit transaction[0m
  [1m[35m (0.4ms)[0m  [1m[34mSELECT sqlite_version(*)[0m
  [1m[35m (0.2ms)[0m  [1m[34mSELECT "schema_migrations"."version" FROM "schema_migrations" ORDER BY "schema_migrations"."version" ASC[0m
  [1m[36mActiveRecord::InternalMetadata Load (0.2ms)[0m  [1m[34mSELECT "ar_internal_metadata".* FROM "ar_internal_metadata" WHERE "ar_internal_metadata"."key" = ? LIMIT ?[0m  [["key", "environment"], ["LIMIT", 1]]
  [1m[35m (0.1ms)[0m  [1m[34mSELECT sqlite_version(*)[0m
  [1m[35m (0.2ms)[0m  [1m[34mSELECT "schema_migrations"."version" FROM "schema_migrations" ORDER BY "schema_migrations"."version" ASC[0m
  [1m[35m (0.4ms)[0m  [1m[34mSELECT sqlite_version(*)[0m
  [1m[35m (0.2ms)[0m  [1m[34mSELECT "schema_migrations"."version" FROM "schema_migrations" ORDER BY "schema_migrations"."version" ASC[0m
  [1m[35m (0.1ms)[0m  [1m[34mSELECT sqlite_version(*)[0m
  [1m[35m (0.1ms)[0m  [1m[36mbegin transaction[0m
  [1m[36mCity Create (0.4ms)[0m  [1m[32mINSERT INTO "cities" ("city_name", "created_at", "updated_at") VALUES (?, ?, ?)[0m  [["city_name", "City0"], ["created_at", "2019-10-24 15:24:39.669255"], ["updated_at", "2019-10-24 15:24:39.669255"]]
  [1m[35m (79.8ms)[0m  [1m[36mcommit transaction[0m
  [1m[35m (0.1ms)[0m  [1m[36mbegin transaction[0m
  [1m[36mDog Create (0.4ms)[0m  [1m[32mINSERT INTO "dogs" ("name", "owner_s_dog_name", "owner_s_phone_number", "created_at", "updated_at", "city_id") VALUES (?, ?, ?, ?, ?, ?)[0m  [["name", "Dog V"], ["owner_s_dog_name", "Owner 0"], ["owner_s_phone_number", "Number: 6866424292"], ["created_at", "2019-10-24 15:24:39.784288"], ["updated_at", "2019-10-24 15:24:39.784288"], ["city_id", 2]]
  [1m[35m (60.8ms)[0m  [1m[36mcommit transaction[0m
  [1m[35m (0.1ms)[0m  [1m[36mbegin transaction[0m
  [1m[36mDogsitter Create (0.4ms)[0m  [1m[32mINSERT INTO "dogsitters" ("first_name", "last_name", "phone_number", "created_at", "updated_at", "city_id") VALUES (?, ?, ?, ?, ?, ?)[0m  [["first_name", "Nom G"], ["last_name", "Prenom 0"], ["phone_number", "Number: 1280444930"], ["created_at", "2019-10-24 15:24:39.866567"], ["updated_at", "2019-10-24 15:24:39.866567"], ["city_id", 2]]
  [1m[35m (79.1ms)[0m  [1m[36mcommit transaction[0m
  [1m[35m (0.1ms)[0m  [1m[36mbegin transaction[0m
  [1m[36mStroll Create (0.5ms)[0m  [1m[32mINSERT INTO "strolls" ("date", "created_at", "updated_at", "dogsitter_id", "dog_id", "city_id") VALUES (?, ?, ?, ?, ?, ?)[0m  [["date", "2015-01-10 00:00:00"], ["created_at", "2019-10-24 15:24:39.979086"], ["updated_at", "2019-10-24 15:24:39.979086"], ["dogsitter_id", 2], ["dog_id", 2], ["city_id", 2]]
  [1m[35m (71.8ms)[0m  [1m[36mcommit transaction[0m
  [1m[35m (0.1ms)[0m  [1m[36mbegin transaction[0m
  [1m[36mCity Create (0.4ms)[0m  [1m[32mINSERT INTO "cities" ("city_name", "created_at", "updated_at") VALUES (?, ?, ?)[0m  [["city_name", "City1"], ["created_at", "2019-10-24 15:24:40.066813"], ["updated_at", "2019-10-24 15:24:40.066813"]]
  [1m[35m (64.2ms)[0m  [1m[36mcommit transaction[0m
  [1m[35m (0.1ms)[0m  [1m[36mbegin transaction[0m
  [1m[36mDog Create (0.4ms)[0m  [1m[32mINSERT INTO "dogs" ("name", "owner_s_dog_name", "owner_s_phone_number", "created_at", "updated_at", "city_id") VALUES (?, ?, ?, ?, ?, ?)[0m  [["name", "Dog F"], ["owner_s_dog_name", "Owner 1"], ["owner_s_phone_number", "Number: 9256922431"], ["created_at", "2019-10-24 15:24:40.145585"], ["updated_at", "2019-10-24 15:24:40.145585"], ["city_id", 3]]
  [1m[35m (73.1ms)[0m  [1m[36mcommit transaction[0m
  [1m[35m (0.1ms)[0m  [1m[36mbegin transaction[0m
  [1m[36mDogsitter Create (0.4ms)[0m  [1m[32mINSERT INTO "dogsitters" ("first_name", "last_name", "phone_number", "created_at", "updated_at", "city_id") VALUES (?, ?, ?, ?, ?, ?)[0m  [["first_name", "Nom L"], ["last_name", "Prenom 1"], ["phone_number", "Number: 8067399951"], ["created_at", "2019-10-24 15:24:40.236687"], ["updated_at", "2019-10-24 15:24:40.236687"], ["city_id", 3]]
  [1m[35m (67.4ms)[0m  [1m[36mcommit transaction[0m
  [1m[35m (0.1ms)[0m  [1m[36mbegin transaction[0m
  [1m[36mStroll Create (0.5ms)[0m  [1m[32mINSERT INTO "strolls" ("date", "created_at", "updated_at", "dogsitter_id", "dog_id", "city_id") VALUES (?, ?, ?, ?, ?, ?)[0m  [["date", "2002-11-28 00:00:00"], ["created_at", "2019-10-24 15:24:40.322997"], ["updated_at", "2019-10-24 15:24:40.322997"], ["dogsitter_id", 3], ["dog_id", 3], ["city_id", 3]]
  [1m[35m (83.2ms)[0m  [1m[36mcommit transaction[0m
  [1m[35m (0.1ms)[0m  [1m[36mbegin transaction[0m
  [1m[36mCity Create (0.5ms)[0m  [1m[32mINSERT INTO "cities" ("city_name", "created_at", "updated_at") VALUES (?, ?, ?)[0m  [["city_name", "City2"], ["created_at", "2019-10-24 15:24:40.435460"], ["updated_at", "2019-10-24 15:24:40.435460"]]
  [1m[35m (75.8ms)[0m  [1m[36mcommit transaction[0m
  [1m[35m (0.1ms)[0m  [1m[36mbegin transaction[0m
  [1m[36mDog Create (0.5ms)[0m  [1m[32mINSERT INTO "dogs" ("name", "owner_s_dog_name", "owner_s_phone_number", "created_at", "updated_at", "city_id") VALUES (?, ?, ?, ?, ?, ?)[0m  [["name", "Dog W"], ["owner_s_dog_name", "Owner 2"], ["owner_s_phone_number", "Number: 3016937425"], ["created_at", "2019-10-24 15:24:40.520593"], ["updated_at", "2019-10-24 15:24:40.520593"], ["city_id", 4]]
  [1m[35m (68.7ms)[0m  [1m[36mcommit transaction[0m
  [1m[35m (0.1ms)[0m  [1m[36mbegin transaction[0m
  [1m[36mDogsitter Create (0.4ms)[0m  [1m[32mINSERT INTO "dogsitters" ("first_name", "last_name", "phone_number", "created_at", "updated_at", "city_id") VALUES (?, ?, ?, ?, ?, ?)[0m  [["first_name", "Nom ["], ["last_name", "Prenom 2"], ["phone_number", "Number: 4012245670"], ["created_at", "2019-10-24 15:24:40.597858"], ["updated_at", "2019-10-24 15:24:40.597858"], ["city_id", 4]]
  [1m[35m (71.3ms)[0m  [1m[36mcommit transaction[0m
  [1m[35m (0.1ms)[0m  [1m[36mbegin transaction[0m
  [1m[36mStroll Create (0.4ms)[0m  [1m[32mINSERT INTO "strolls" ("date", "created_at", "updated_at", "dogsitter_id", "dog_id", "city_id") VALUES (?, ?, ?, ?, ?, ?)[0m  [["date", "2014-04-16 00:00:00"], ["created_at", "2019-10-24 15:24:40.676047"], ["updated_at", "2019-10-24 15:24:40.676047"], ["dogsitter_id", 4], ["dog_id", 4], ["city_id", 4]]
  [1m[35m (70.8ms)[0m  [1m[36mcommit transaction[0m
  [1m[35m (0.1ms)[0m  [1m[36mbegin transaction[0m
  [1m[36mCity Create (0.4ms)[0m  [1m[32mINSERT INTO "cities" ("city_name", "created_at", "updated_at") VALUES (?, ?, ?)[0m  [["city_name", "City3"], ["created_at", "2019-10-24 15:24:40.753453"], ["updated_at", "2019-10-24 15:24:40.753453"]]
  [1m[35m (63.5ms)[0m  [1m[36mcommit transaction[0m
  [1m[35m (0.1ms)[0m  [1m[36mbegin transaction[0m
  [1m[36mDog Create (0.5ms)[0m  [1m[32mINSERT INTO "dogs" ("name", "owner_s_dog_name", "owner_s_phone_number", "created_at", "updated_at", "city_id") VALUES (?, ?, ?, ?, ?, ?)[0m  [["name", "Dog I"], ["owner_s_dog_name", "Owner 3"], ["owner_s_phone_number", "Number: 4356746218"], ["created_at", "2019-10-24 15:24:40.825927"], ["updated_at", "2019-10-24 15:24:40.825927"], ["city_id", 5]]
  [1m[35m (70.4ms)[0m  [1m[36mcommit transaction[0m
  [1m[35m (0.1ms)[0m  [1m[36mbegin transaction[0m
  [1m[36mDogsitter Create (0.4ms)[0m  [1m[32mINSERT INTO "dogsitters" ("first_name", "last_name", "phone_number", "created_at", "updated_at", "city_id") VALUES (?, ?, ?, ?, ?, ?)[0m  [["first_name", "Nom O"], ["last_name", "Prenom 3"], ["phone_number", "Number: 1118385775"], ["created_at", "2019-10-24 15:24:40.908529"], ["updated_at", "2019-10-24 15:24:40.908529"], ["city_id", 5]]
  [1m[35m (68.6ms)[0m  [1m[36mcommit transaction[0m
  [1m[35m (0.1ms)[0m  [1m[36mbegin transaction[0m
  [1m[36mStroll Create (0.8ms)[0m  [1m[32mINSERT INTO "strolls" ("date", "created_at", "updated_at", "dogsitter_id", "dog_id", "city_id") VALUES (?, ?, ?, ?, ?, ?)[0m  [["date", "2006-11-09 00:00:00"], ["created_at", "2019-10-24 15:24:40.995005"], ["updated_at", "2019-10-24 15:24:40.995005"], ["dogsitter_id", 5], ["dog_id", 5], ["city_id", 5]]
  [1m[35m (78.1ms)[0m  [1m[36mcommit transaction[0m
  [1m[35m (0.1ms)[0m  [1m[36mbegin transaction[0m
  [1m[36mCity Create (0.4ms)[0m  [1m[32mINSERT INTO "cities" ("city_name", "created_at", "updated_at") VALUES (?, ?, ?)[0m  [["city_name", "City4"], ["created_at", "2019-10-24 15:24:41.088766"], ["updated_at", "2019-10-24 15:24:41.088766"]]
  [1m[35m (59.7ms)[0m  [1m[36mcommit transaction[0m
  [1m[35m (0.1ms)[0m  [1m[36mbegin transaction[0m
  [1m[36mDog Create (0.5ms)[0m  [1m[32mINSERT INTO "dogs" ("name", "owner_s_dog_name", "owner_s_phone_number", "created_at", "updated_at", "city_id") VALUES (?, ?, ?, ?, ?, ?)[0m  [["name", "Dog \\"], ["owner_s_dog_name", "Owner 4"], ["owner_s_phone_number", "Number: 5871576750"], ["created_at", "2019-10-24 15:24:41.158070"], ["updated_at", "2019-10-24 15:24:41.158070"], ["city_id", 6]]
  [1m[35m (74.9ms)[0m  [1m[36mcommit transaction[0m
  [1m[35m (0.1ms)[0m  [1m[36mbegin transaction[0m
  [1m[36mDogsitter Create (0.4ms)[0m  [1m[32mINSERT INTO "dogsitters" ("first_name", "last_name", "phone_number", "created_at", "updated_at", "city_id") VALUES (?, ?, ?, ?, ?, ?)[0m  [["first_name", "Nom S"], ["last_name", "Prenom 4"], ["phone_number", "Number: 8400870792"], ["created_at", "2019-10-24 15:24:41.242783"], ["updated_at", "2019-10-24 15:24:41.242783"], ["city_id", 6]]
  [1m[35m (80.9ms)[0m  [1m[36mcommit transaction[0m
  [1m[35m (0.1ms)[0m  [1m[36mbegin transaction[0m
  [1m[36mStroll Create (0.6ms)[0m  [1m[32mINSERT INTO "strolls" ("date", "created_at", "updated_at", "dogsitter_id", "dog_id", "city_id") VALUES (?, ?, ?, ?, ?, ?)[0m  [["date", "2002-03-12 00:00:00"], ["created_at", "2019-10-24 15:24:41.333926"], ["updated_at", "2019-10-24 15:24:41.333926"], ["dogsitter_id", 6], ["dog_id", 6], ["city_id", 6]]
  [1m[35m (64.5ms)[0m  [1m[36mcommit transaction[0m
  [1m[35m (0.5ms)[0m  [1m[34mSELECT sqlite_version(*)[0m
  [1m[36mStroll Load (0.3ms)[0m  [1m[34mSELECT "strolls".* FROM "strolls"[0m
